[0517/173913:ERROR:process_info.cc(608)] range at 0xfffde000, size 0x230 fully unreadable
[0517/173913:ERROR:process_reader_win.cc(232)] ReadMemory at 0x739950 of 72 bytes failed: Only part of a ReadProcessMemory or WriteProcessMemory request was completed. (0x12B)
[0517/173913:ERROR:process_reader_win.cc(232)] ReadMemory at 0x715078 of 72 bytes failed: Only part of a ReadProcessMemory or WriteProcessMemory request was completed. (0x12B)
[0517/173913:ERROR:process_reader_win.cc(232)] ReadMemory at 0x712048 of 784 bytes failed: Only part of a ReadProcessMemory or WriteProcessMemory request was completed. (0x12B)
[0517/173913:ERROR:process_snapshot_win.cc(373)] ReadMemory RTL_USER_PROCESS_PARAMETERS
[0517/173913:ERROR:process_reader_win.cc(232)] ReadMemory at 0x6faf0000 of 64 bytes failed: Only part of a ReadProcessMemory or WriteProcessMemory request was completed. (0x12B)
[0517/173913:WARNING:pe_image_reader.cc(280)] could not read dos header from C:\Program Files (x86)\Google\Chrome\Application\50.0.2661.102\chrome_elf.dll
[0517/173913:ERROR:process_reader_win.cc(232)] ReadMemory at 0x72f60000 of 64 bytes failed: Only part of a ReadProcessMemory or WriteProcessMemory request was completed. (0x12B)
[0517/173913:WARNING:pe_image_reader.cc(280)] could not read dos header from C:\Windows\system32\WINMM.dll
[0517/173913:ERROR:process_reader_win.cc(232)] ReadMemory at 0x735a0000 of 64 bytes failed: Only part of a ReadProcessMemory or WriteProcessMemory request was completed. (0x12B)
[0517/173913:WARNING:pe_image_reader.cc(280)] could not read dos header from C:\Windows\system32\WTSAPI32.dll
[0517/173913:ERROR:process_reader_win.cc(232)] ReadMemory at 0x70170000 of 64 bytes failed: Only part of a ReadProcessMemory or WriteProcessMemory request was completed. (0x12B)
[0517/173913:WARNING:pe_image_reader.cc(280)] could not read dos header from C:\Windows\system32\webio.dll
[0517/173913:ERROR:process_reader_win.cc(232)] ReadMemory at 0x701c0000 of 64 bytes failed: Only part of a ReadProcessMemory or WriteProcessMemory request was completed. (0x12B)
[0517/173913:WARNING:pe_image_reader.cc(280)] could not read dos header from C:\Windows\system32\WINHTTP.dll
[0517/173913:ERROR:process_reader_win.cc(232)] ReadMemory at 0xf000000 of 64 bytes failed: Only part of a ReadProcessMemory or WriteProcessMemory request was completed. (0x12B)
[0517/173913:WARNING:pe_image_reader.cc(280)] could not read dos header from C:\Program Files (x86)\NVIDIA Corporation\CoProcManager\detoured.dll
[0517/173913:ERROR:process_reader_win.cc(232)] ReadMemory at 0x6e950000 of 64 bytes failed: Only part of a ReadProcessMemory or WriteProcessMemory request was completed. (0x12B)
[0517/173913:WARNING:pe_image_reader.cc(280)] could not read dos header from C:\Program Files (x86)\NVIDIA Corporation\CoProcManager\nvd3d9wrap.dll
[0517/173913:ERROR:process_reader_win.cc(232)] ReadMemory at 0x6e930000 of 64 bytes failed: Only part of a ReadProcessMemory or WriteProcessMemory request was completed. (0x12B)
[0517/173913:WARNING:pe_image_reader.cc(280)] could not read dos header from C:\Program Files (x86)\NVIDIA Corporation\CoProcManager\nvdxgiwrap.dll
[0517/173913:ERROR:process_reader_win.cc(232)] ReadMemory at 0x72fd0000 of 64 bytes failed: Only part of a ReadProcessMemory or WriteProcessMemory request was completed. (0x12B)
[0517/173913:WARNING:pe_image_reader.cc(280)] could not read dos header from C:\Windows\WinSxS\x86_microsoft.windows.common-controls_6595b64144ccf1df_6.0.7601.18837_none_41e855142bd5705d\COMCTL32.dll
[0517/173913:ERROR:process_reader_win.cc(232)] ReadMemory at 0x73e10000 of 64 bytes failed: Only part of a ReadProcessMemory or WriteProcessMemory request was completed. (0x12B)
[0517/173913:WARNING:pe_image_reader.cc(280)] could not read dos header from C:\Windows\system32\WINNSI.DLL
[0517/173913:ERROR:process_reader_win.cc(232)] ReadMemory at 0x73e20000 of 64 bytes failed: Only part of a ReadProcessMemory or WriteProcessMemory request was completed. (0x12B)
[0517/173913:WARNING:pe_image_reader.cc(280)] could not read dos header from C:\Windows\system32\IPHLPAPI.DLL
[0517/173913:ERROR:process_reader_win.cc(232)] ReadMemory at 0x65200000 of 64 bytes failed: Only part of a ReadProcessMemory or WriteProcessMemory request was completed. (0x12B)
[0517/173913:WARNING:pe_image_reader.cc(280)] could not read dos header from C:\Program Files (x86)\Google\Chrome\Application\50.0.2661.102\chrome_child.dll
[0517/173913:ERROR:process_reader_win.cc(232)] ReadMemory at 0x74390000 of 64 bytes failed: Only part of a ReadProcessMemory or WriteProcessMemory request was completed. (0x12B)
[0517/173913:WARNING:pe_image_reader.cc(280)] could not read dos header from C:\Windows\system32\dwrite.dll
[0517/173913:ERROR:process_reader_win.cc(232)] ReadMemory at 0x75570000 of 64 bytes failed: Only part of a ReadProcessMemory or WriteProcessMemory request was completed. (0x12B)
[0517/173913:WARNING:pe_image_reader.cc(280)] could not read dos header from C:\Windows\syswow64\KERNELBASE.dll
[0517/173913:ERROR:process_reader_win.cc(232)] ReadMemory at 0x76e00208 of 40 bytes failed: Only part of a ReadProcessMemory or WriteProcessMemory request was completed. (0x12B)
[0517/173913:WARNING:pe_image_reader.cc(332)] could not read section 1 from C:\Windows\syswow64\kernel32.dll
[0517/173913:ERROR:process_reader_win.cc(232)] ReadMemory at 0x77590000 of 64 bytes failed: Only part of a ReadProcessMemory or WriteProcessMemory request was completed. (0x12B)
[0517/173913:WARNING:pe_image_reader.cc(280)] could not read dos header from C:\Windows\syswow64\msvcrt.dll
[0517/173913:ERROR:process_reader_win.cc(232)] ReadMemory at 0x753a0000 of 64 bytes failed: Only part of a ReadProcessMemory or WriteProcessMemory request was completed. (0x12B)
[0517/173913:WARNING:pe_image_reader.cc(280)] could not read dos header from C:\Windows\syswow64\CRYPTBASE.dll
[0517/173913:ERROR:process_reader_win.cc(232)] ReadMemory at 0x753b0000 of 64 bytes failed: Only part of a ReadProcessMemory or WriteProcessMemory request was completed. (0x12B)
[0517/173913:WARNING:pe_image_reader.cc(280)] could not read dos header from C:\Windows\syswow64\SspiCli.dll
[0517/173913:ERROR:process_reader_win.cc(232)] ReadMemory at 0x77440000 of 64 bytes failed: Only part of a ReadProcessMemory or WriteProcessMemory request was completed. (0x12B)
[0517/173913:WARNING:pe_image_reader.cc(280)] could not read dos header from C:\Windows\syswow64\RPCRT4.dll
[0517/173913:ERROR:process_reader_win.cc(232)] ReadMemory at 0x75890000 of 64 bytes failed: Only part of a ReadProcessMemory or WriteProcessMemory request was completed. (0x12B)
[0517/173913:WARNING:pe_image_reader.cc(280)] could not read dos header from C:\Windows\SysWOW64\sechost.dll
[0517/173913:ERROR:process_reader_win.cc(232)] ReadMemory at 0x757e0000 of 64 bytes failed: Only part of a ReadProcessMemory or WriteProcessMemory request was completed. (0x12B)
[0517/173913:WARNING:pe_image_reader.cc(280)] could not read dos header from C:\Windows\syswow64\ADVAPI32.dll
[0517/173913:ERROR:process_reader_win.cc(232)] ReadMemory at 0x6faf0000 of 64 bytes failed: Only part of a ReadProcessMemory or WriteProcessMemory request was completed. (0x12B)
[0517/173913:WARNING:pe_image_reader.cc(280)] could not read dos header from C:\Program Files (x86)\Google\Chrome\Application\50.0.2661.102\chrome_elf.dll
[0517/173913:ERROR:process_reader_win.cc(232)] ReadMemory at 0x752d0000 of 64 bytes failed: Only part of a ReadProcessMemory or WriteProcessMemory request was completed. (0x12B)
[0517/173913:WARNING:pe_image_reader.cc(280)] could not read dos header from C:\Windows\system32\VERSION.dll
[0517/173913:ERROR:process_reader_win.cc(232)] ReadMemory at 0x772a0000 of 64 bytes failed: Only part of a ReadProcessMemory or WriteProcessMemory request was completed. (0x12B)
[0517/173913:WARNING:pe_image_reader.cc(280)] could not read dos header from C:\Windows\syswow64\USP10.dll
[0517/173913:ERROR:process_reader_win.cc(232)] ReadMemory at 0x75610000 of 64 bytes failed: Only part of a ReadProcessMemory or WriteProcessMemory request was completed. (0x12B)
[0517/173913:WARNING:pe_image_reader.cc(280)] could not read dos header from C:\Windows\syswow64\LPK.dll
[0517/173913:ERROR:process_reader_win.cc(232)] ReadMemory at 0x75700000 of 64 bytes failed: Only part of a ReadProcessMemory or WriteProcessMemory request was completed. (0x12B)
[0517/173913:WARNING:pe_image_reader.cc(280)] could not read dos header from C:\Windows\syswow64\GDI32.dll
[0517/173913:ERROR:process_reader_win.cc(232)] ReadMemory at 0x77340000 of 64 bytes failed: Only part of a ReadProcessMemory or WriteProcessMemory request was completed. (0x12B)
[0517/173913:WARNING:pe_image_reader.cc(280)] could not read dos header from C:\Windows\syswow64\USER32.dll
[0517/173913:ERROR:process_reader_win.cc(232)] ReadMemory at 0x72f60000 of 64 bytes failed: Only part of a ReadProcessMemory or WriteProcessMemory request was completed. (0x12B)
[0517/173913:WARNING:pe_image_reader.cc(280)] could not read dos header from C:\Windows\system32\WINMM.dll
[0517/173913:ERROR:process_reader_win.cc(232)] ReadMemory at 0x754b0000 of 64 bytes failed: Only part of a ReadProcessMemory or WriteProcessMemory request was completed. (0x12B)
[0517/173913:WARNING:pe_image_reader.cc(280)] could not read dos header from C:\Windows\syswow64\profapi.dll
[0517/173913:ERROR:process_reader_win.cc(232)] ReadMemory at 0x77640000 of 64 bytes failed: Only part of a ReadProcessMemory or WriteProcessMemory request was completed. (0x12B)
[0517/173913:WARNING:pe_image_reader.cc(280)] could not read dos header from C:\Windows\syswow64\USERENV.dll
[0517/173913:ERROR:process_reader_win.cc(232)] ReadMemory at 0x735a0000 of 64 bytes failed: Only part of a ReadProcessMemory or WriteProcessMemory request was completed. (0x12B)
[0517/173913:WARNING:pe_image_reader.cc(280)] could not read dos header from C:\Windows\system32\WTSAPI32.dll
[0517/173913:ERROR:process_reader_win.cc(232)] ReadMemory at 0x70170000 of 64 bytes failed: Only part of a ReadProcessMemory or WriteProcessMemory request was completed. (0x12B)
[0517/173913:WARNING:pe_image_reader.cc(280)] could not read dos header from C:\Windows\system32\webio.dll
[0517/173913:ERROR:process_reader_win.cc(232)] ReadMemory at 0x701c0000 of 64 bytes failed: Only part of a ReadProcessMemory or WriteProcessMemory request was completed. (0x12B)
[0517/173913:WARNING:pe_image_reader.cc(280)] could not read dos header from C:\Windows\system32\WINHTTP.dll
[0517/173913:ERROR:process_reader_win.cc(232)] ReadMemory at 0x75ce0000 of 64 bytes failed: Only part of a ReadProcessMemory or WriteProcessMemory request was completed. (0x12B)
[0517/173913:WARNING:pe_image_reader.cc(280)] could not read dos header from C:\Windows\syswow64\MSCTF.dll
[0517/173913:ERROR:process_reader_win.cc(232)] ReadMemory at 0x754d0000 of 64 bytes failed: Only part of a ReadProcessMemory or WriteProcessMemory request was completed. (0x12B)
[0517/173913:WARNING:pe_image_reader.cc(280)] could not read dos header from C:\Windows\system32\IMM32.DLL
[0517/173913:ERROR:process_reader_win.cc(232)] ReadMemory at 0x75240000 of 64 bytes failed: Only part of a ReadProcessMemory or WriteProcessMemory request was completed. (0x12B)
[0517/173913:WARNING:pe_image_reader.cc(280)] could not read dos header from C:\Windows\SysWOW64\nvinit.dll
[0517/173913:ERROR:process_reader_win.cc(232)] ReadMemory at 0xf000000 of 64 bytes failed: Only part of a ReadProcessMemory or WriteProcessMemory request was completed. (0x12B)
[0517/173913:WARNING:pe_image_reader.cc(280)] could not read dos header from C:\Program Files (x86)\NVIDIA Corporation\CoProcManager\detoured.dll
[0517/173913:ERROR:process_reader_win.cc(232)] ReadMemory at 0x75620000 of 64 bytes failed: Only part of a ReadProcessMemory or WriteProcessMemory request was completed. (0x12B)
[0517/173913:WARNING:pe_image_reader.cc(280)] could not read dos header from C:\Windows\syswow64\CFGMGR32.dll
[0517/173913:ERROR:process_reader_win.cc(232)] ReadMemory at 0x75b80000 of 64 bytes failed: Only part of a ReadProcessMemory or WriteProcessMemory request was completed. (0x12B)
[0517/173913:WARNING:pe_image_reader.cc(280)] could not read dos header from C:\Windows\syswow64\ole32.dll
[0517/173913:ERROR:process_reader_win.cc(232)] ReadMemory at 0x75db0000 of 64 bytes failed: Only part of a ReadProcessMemory or WriteProcessMemory request was completed. (0x12B)
[0517/173913:WARNING:pe_image_reader.cc(280)] could not read dos header from C:\Windows\syswow64\OLEAUT32.dll
[0517/173913:ERROR:process_reader_win.cc(232)] ReadMemory at 0x75e40000 of 64 bytes failed: Only part of a ReadProcessMemory or WriteProcessMemory request was completed. (0x12B)
[0517/173913:WARNING:pe_image_reader.cc(280)] could not read dos header from C:\Windows\syswow64\DEVOBJ.dll
[0517/173913:ERROR:process_reader_win.cc(232)] ReadMemory at 0x758b0000 of 64 bytes failed: Only part of a ReadProcessMemory or WriteProcessMemory request was completed. (0x12B)
[0517/173913:WARNING:pe_image_reader.cc(280)] could not read dos header from C:\Windows\syswow64\SETUPAPI.dll
[0517/173913:ERROR:process_reader_win.cc(232)] ReadMemory at 0x6e950000 of 64 bytes failed: Only part of a ReadProcessMemory or WriteProcessMemory request was completed. (0x12B)
[0517/173913:WARNING:pe_image_reader.cc(280)] could not read dos header from C:\Program Files (x86)\NVIDIA Corporation\CoProcManager\nvd3d9wrap.dll
[0517/173913:ERROR:process_reader_win.cc(232)] ReadMemory at 0x6e930000 of 64 bytes failed: Only part of a ReadProcessMemory or WriteProcessMemory request was completed. (0x12B)
[0517/173913:WARNING:pe_image_reader.cc(280)] could not read dos header from C:\Program Files (x86)\NVIDIA Corporation\CoProcManager\nvdxgiwrap.dll
[0517/173913:ERROR:process_reader_win.cc(232)] ReadMemory at 0x77530000 of 64 bytes failed: Only part of a ReadProcessMemory or WriteProcessMemory request was completed. (0x12B)
[0517/173913:WARNING:pe_image_reader.cc(280)] could not read dos header from C:\Windows\syswow64\SHLWAPI.dll
[0517/173913:ERROR:process_reader_win.cc(232)] ReadMemory at 0x76180000 of 64 bytes failed: Only part of a ReadProcessMemory or WriteProcessMemory request was completed. (0x12B)
[0517/173913:WARNING:pe_image_reader.cc(280)] could not read dos header from C:\Windows\syswow64\SHELL32.dll
[0517/173913:ERROR:process_reader_win.cc(232)] ReadMemory at 0x75550000 of 64 bytes failed: Only part of a ReadProcessMemory or WriteProcessMemory request was completed. (0x12B)
[0517/173913:WARNING:pe_image_reader.cc(280)] could not read dos header from C:\Windows\syswow64\PSAPI.DLL
[0517/173913:ERROR:process_reader_win.cc(232)] ReadMemory at 0x75270000 of 64 bytes failed: Only part of a ReadProcessMemory or WriteProcessMemory request was completed. (0x12B)
[0517/173913:WARNING:pe_image_reader.cc(280)] could not read dos header from C:\Windows\system32\WINSPOOL.DRV
[0517/173913:ERROR:process_reader_win.cc(232)] ReadMemory at 0x72fd0000 of 64 bytes failed: Only part of a ReadProcessMemory or WriteProcessMemory request was completed. (0x12B)
[0517/173913:WARNING:pe_image_reader.cc(280)] could not read dos header from C:\Windows\WinSxS\x86_microsoft.windows.common-controls_6595b64144ccf1df_6.0.7601.18837_none_41e855142bd5705d\COMCTL32.dll
[0517/173913:ERROR:process_reader_win.cc(232)] ReadMemory at 0x75e60000 of 64 bytes failed: Only part of a ReadProcessMemory or WriteProcessMemory request was completed. (0x12B)
[0517/173913:WARNING:pe_image_reader.cc(280)] could not read dos header from C:\Windows\syswow64\COMDLG32.dll
[0517/173913:ERROR:process_reader_win.cc(232)] ReadMemory at 0x75530000 of 64 bytes failed: Only part of a ReadProcessMemory or WriteProcessMemory request was completed. (0x12B)
[0517/173913:WARNING:pe_image_reader.cc(280)] could not read dos header from C:\Windows\syswow64\NSI.dll
[0517/173913:ERROR:process_reader_win.cc(232)] ReadMemory at 0x73e10000 of 64 bytes failed: Only part of a ReadProcessMemory or WriteProcessMemory request was completed. (0x12B)
[0517/173913:WARNING:pe_image_reader.cc(280)] could not read dos header from C:\Windows\system32\WINNSI.DLL
[0517/173913:ERROR:process_reader_win.cc(232)] ReadMemory at 0x73e20000 of 64 bytes failed: Only part of a ReadProcessMemory or WriteProcessMemory request was completed. (0x12B)
[0517/173913:WARNING:pe_image_reader.cc(280)] could not read dos header from C:\Windows\system32\IPHLPAPI.DLL
[0517/173913:ERROR:process_reader_win.cc(232)] ReadMemory at 0x757a0000 of 64 bytes failed: Only part of a ReadProcessMemory or WriteProcessMemory request was completed. (0x12B)
[0517/173913:WARNING:pe_image_reader.cc(280)] could not read dos header from C:\Windows\syswow64\WS2_32.dll
[0517/173913:ERROR:process_reader_win.cc(232)] ReadMemory at 0x754c0000 of 64 bytes failed: Only part of a ReadProcessMemory or WriteProcessMemory request was completed. (0x12B)
[0517/173913:WARNING:pe_image_reader.cc(280)] could not read dos header from C:\Windows\syswow64\MSASN1.dll
[0517/173913:ERROR:process_reader_win.cc(232)] ReadMemory at 0x75a50000 of 64 bytes failed: Only part of a ReadProcessMemory or WriteProcessMemory request was completed. (0x12B)
[0517/173913:WARNING:pe_image_reader.cc(280)] could not read dos header from C:\Windows\syswow64\CRYPT32.dll
[0517/173913:ERROR:process_reader_win.cc(232)] ReadMemory at 0x76dd0000 of 64 bytes failed: Only part of a ReadProcessMemory or WriteProcessMemory request was completed. (0x12B)
[0517/173913:WARNING:pe_image_reader.cc(280)] could not read dos header from C:\Windows\syswow64\WINTRUST.dll
[0517/173913:ERROR:process_reader_win.cc(232)] ReadMemory at 0x550000 of 64 bytes failed: Only part of a ReadProcessMemory or WriteProcessMemory request was completed. (0x12B)
[0517/173913:WARNING:pe_image_reader.cc(280)] could not read dos header from C:\Windows\system32\Secur32.dll
[0517/173913:ERROR:process_reader_win.cc(232)] ReadMemory at 0x65200000 of 64 bytes failed: Only part of a ReadProcessMemory or WriteProcessMemory request was completed. (0x12B)
[0517/173913:WARNING:pe_image_reader.cc(280)] could not read dos header from C:\Program Files (x86)\Google\Chrome\Application\50.0.2661.102\chrome_child.dll
[0517/173913:ERROR:process_reader_win.cc(232)] ReadMemory at 0x74390000 of 64 bytes failed: Only part of a ReadProcessMemory or WriteProcessMemory request was completed. (0x12B)
[0517/173913:WARNING:pe_image_reader.cc(280)] could not read dos header from C:\Windows\system32\dwrite.dll
[0517/173913:ERROR:process_reader_win.cc(98)] process 11140 not found
[0517/173913:ERROR:process_reader_win.cc(232)] ReadMemory at 0x110d1b4 of 12 bytes failed: Only part of a ReadProcessMemory or WriteProcessMemory request was completed. (0x12B)
[0517/173913:WARNING:process_snapshot_win.cc(96)] ReadMemory ExceptionInformation failed
[0517/173913:WARNING:crash_report_exception_handler.cc(60)] ProcessSnapshotWin::InitializeException failed
[0517/173913:ERROR:scoped_process_suspend.cc(38)] NtResumeProcess, ntstatus=-1073741558
[1206/181314:ERROR:process_info.cc(330)] VirtualQueryEx: Access is denied. (0x5)
[1206/181314:ERROR:process_info.cc(547)] ReadMemoryInfo failed
[1206/181314:ERROR:process_reader_win.cc(233)] ReadMemory at 0x7fee87cd970 of 12 bytes failed: Only part of a ReadProcessMemory or WriteProcessMemory request was completed. (0x12B)
[1206/181314:WARNING:process_snapshot_win.cc(68)] ReadMemory ExceptionInformation failed
[1206/181314:WARNING:crash_report_exception_handler.cc(56)] ProcessSnapshotWin::Initialize failed
[1206/181314:ERROR:scoped_process_suspend.cc(38)] NtResumeProcess: An attempt was made to access an exiting process.  (0xc000010a)
